TuCanchaFinalVersion/app/build/intermediates/manifest_merge_blame_file/debug/processDebugMainManifest/manifest-merger-blame-debug-report.txt
1<?xml version="1.0" encoding="utf-8"?>
2<manifest xmlns:android="http://schemas.android.com/apk/res/android"
3    package="com.example.proyectocancha"
4    android:versionCode="1"
5    android:versionName="1.0" >
6
7    <uses-sdk
8        android:minSdkVersion="24"
9        android:targetSdkVersion="36" />
10
11    <!-- PERMISOS DE INTERNET para conectar con los microservicios -->
12    <uses-permission android:name="android.permission.INTERNET" />
12-->src\main\AndroidManifest.xml:6:5-67
12-->src\main\AndroidManifest.xml:6:22-64
13    <uses-permission android:name="android.permission.ACCESS_NETWORK_STATE" />
13-->src\main\AndroidManifest.xml:7:5-79
13-->src\main\AndroidManifest.xml:7:22-76
14    <uses-permission android:name="android.permission.CAMERA" />
14-->src\main\AndroidManifest.xml:9:5-65
14-->src\main\AndroidManifest.xml:9:22-62
15    <uses-permission android:name="android.permission.READ_MEDIA_IMAGES" />
15-->src\main\AndroidManifest.xml:10:5-76
15-->src\main\AndroidManifest.xml:10:22-73
16    <uses-permission
16-->src\main\AndroidManifest.xml:11:5-12:38
17        android:name="android.permission.READ_EXTERNAL_STORAGE"
17-->src\main\AndroidManifest.xml:11:22-77
18        android:maxSdkVersion="32" />
18-->src\main\AndroidManifest.xml:12:9-35
19
20    <uses-feature
20-->src\main\AndroidManifest.xml:13:5-84
21        android:name="android.hardware.camera"
21-->src\main\AndroidManifest.xml:13:19-57
22        android:required="true" />
22-->src\main\AndroidManifest.xml:13:58-81
23
24    <permission
24-->[androidx.core:core:1.17.0] AndroidManifest.xml:22:5-24:47
25        android:name="com.example.proyectocancha.DYNAMIC_RECEIVER_NOT_EXPORTED_PERMISSION"
25-->[androidx.core:core:1.17.0] AndroidManifest.xml:23:9-81
26        android:protectionLevel="signature" />
26-->[androidx.core:core:1.17.0] AndroidManifest.xml:24:9-44
27
28    <uses-permission android:name="com.example.proyectocancha.DYNAMIC_RECEIVER_NOT_EXPORTED_PERMISSION" />
28-->[androidx.core:core:1.17.0] AndroidManifest.xml:26:5-97
28-->[androidx.core:core:1.17.0] AndroidManifest.xml:26:22-94
29    <uses-permission android:name="android.permission.REORDER_TASKS" />
29-->[androidx.test:core:1.7.0] AndroidManifest.xml:24:5-72
29-->[androidx.test:core:1.7.0] AndroidManifest.xml:24:22-69
30
31    <application
31-->src\main\AndroidManifest.xml:15:5-37:19
32        android:allowBackup="true"
32-->src\main\AndroidManifest.xml:17:9-35
33        android:appComponentFactory="androidx.core.app.CoreComponentFactory"
33-->[androidx.core:core:1.17.0] AndroidManifest.xml:28:18-86
34        android:dataExtractionRules="@xml/data_extraction_rules"
34-->src\main\AndroidManifest.xml:18:9-65
35        android:debuggable="true"
36        android:extractNativeLibs="false"
37        android:fullBackupContent="@xml/backup_rules"
37-->src\main\AndroidManifest.xml:19:9-54
38        android:icon="@mipmap/ic_launcher"
38-->src\main\AndroidManifest.xml:20:9-43
39        android:label="@string/app_name"
39-->src\main\AndroidManifest.xml:21:9-41
40        android:roundIcon="@mipmap/ic_launcher_round"
40-->src\main\AndroidManifest.xml:22:9-54
41        android:supportsRtl="true"
41-->src\main\AndroidManifest.xml:23:9-35
42        android:testOnly="true"
43        android:theme="@style/Theme.ProyectoCancha"
43-->src\main\AndroidManifest.xml:24:9-52
44        android:usesCleartextTraffic="true" >
44-->src\main\AndroidManifest.xml:16:9-44
45        <activity
45-->src\main\AndroidManifest.xml:26:9-35:20
46            android:name="com.example.proyectocancha.MainActivity"
46-->src\main\AndroidManifest.xml:27:13-41
47            android:exported="true"
47-->src\main\AndroidManifest.xml:28:13-36
48            android:label="@string/app_name"
48-->src\main\AndroidManifest.xml:29:13-45
49            android:theme="@style/Theme.App.Starting" >
49-->src\main\AndroidManifest.xml:30:13-54
50            <intent-filter>
50-->src\main\AndroidManifest.xml:31:13-34:29
51                <action android:name="android.intent.action.MAIN" />
51-->src\main\AndroidManifest.xml:32:17-69
51-->src\main\AndroidManifest.xml:32:25-66
52
53                <category android:name="android.intent.category.LAUNCHER" />
53-->src\main\AndroidManifest.xml:33:17-77
53-->src\main\AndroidManifest.xml:33:27-74
54            </intent-filter>
55        </activity>
56        <activity
56-->[androidx.compose.ui:ui-tooling-android:1.9.4] AndroidManifest.xml:23:9-25:39
57            android:name="androidx.compose.ui.tooling.PreviewActivity"
57-->[androidx.compose.ui:ui-tooling-android:1.9.4] AndroidManifest.xml:24:13-71
58            android:exported="true" />
58-->[androidx.compose.ui:ui-tooling-android:1.9.4] AndroidManifest.xml:25:13-36
59
60        <provider
60-->[androidx.emoji2:emoji2:1.4.0] AndroidManifest.xml:24:9-32:20
61            android:name="androidx.startup.InitializationProvider"
61-->[androidx.emoji2:emoji2:1.4.0] AndroidManifest.xml:25:13-67
62            android:authorities="com.example.proyectocancha.androidx-startup"
62-->[androidx.emoji2:emoji2:1.4.0] AndroidManifest.xml:26:13-68
63            android:exported="false" >
63-->[androidx.emoji2:emoji2:1.4.0] AndroidManifest.xml:27:13-37
64            <meta-data
64-->[androidx.emoji2:emoji2:1.4.0] AndroidManifest.xml:29:13-31:52
65                android:name="androidx.emoji2.text.EmojiCompatInitializer"
65-->[androidx.emoji2:emoji2:1.4.0] AndroidManifest.xml:30:17-75
66                android:value="androidx.startup" />
66-->[androidx.emoji2:emoji2:1.4.0] AndroidManifest.xml:31:17-49
67            <meta-data
67-->[androidx.lifecycle:lifecycle-process:2.9.4] AndroidManifest.xml:29:13-31:52
68                android:name="androidx.lifecycle.ProcessLifecycleInitializer"
68-->[androidx.lifecycle:lifecycle-process:2.9.4] AndroidManifest.xml:30:17-78
69                android:value="androidx.startup" />
69-->[androidx.lifecycle:lifecycle-process:2.9.4] AndroidManifest.xml:31:17-49
70            <meta-data
70-->[androidx.profileinstaller:profileinstaller:1.4.0] AndroidManifest.xml:29:13-31:52
71                android:name="androidx.profileinstaller.ProfileInstallerInitializer"
71-->[androidx.profileinstaller:profileinstaller:1.4.0] AndroidManifest.xml:30:17-85
72                android:value="androidx.startup" />
72-->[androidx.profileinstaller:profileinstaller:1.4.0] AndroidManifest.xml:31:17-49
73        </provider>
74
75        <activity
75-->[androidx.test:core:1.7.0] AndroidManifest.xml:27:9-34:20
76            android:name="androidx.test.core.app.InstrumentationActivityInvoker$BootstrapActivity"
76-->[androidx.test:core:1.7.0] AndroidManifest.xml:28:13-99
77            android:exported="true"
77-->[androidx.test:core:1.7.0] AndroidManifest.xml:29:13-36
78            android:theme="@style/WhiteBackgroundTheme" >
78-->[androidx.test:core:1.7.0] AndroidManifest.xml:30:13-56
79            <intent-filter android:priority="-100" >
79-->[androidx.test:core:1.7.0] AndroidManifest.xml:31:13-33:29
79-->[androidx.test:core:1.7.0] AndroidManifest.xml:31:28-51
80                <category android:name="android.intent.category.LAUNCHER" />
80-->src\main\AndroidManifest.xml:33:17-77
80-->src\main\AndroidManifest.xml:33:27-74
81            </intent-filter>
82        </activity>
83        <activity
83-->[androidx.test:core:1.7.0] AndroidManifest.xml:35:9-42:20
84            android:name="androidx.test.core.app.InstrumentationActivityInvoker$EmptyActivity"
84-->[androidx.test:core:1.7.0] AndroidManifest.xml:36:13-95
85            android:exported="true"
85-->[androidx.test:core:1.7.0] AndroidManifest.xml:37:13-36
86            android:theme="@style/WhiteBackgroundTheme" >
86-->[androidx.test:core:1.7.0] AndroidManifest.xml:38:13-56
87            <intent-filter android:priority="-100" >
87-->[androidx.test:core:1.7.0] AndroidManifest.xml:31:13-33:29
87-->[androidx.test:core:1.7.0] AndroidManifest.xml:31:28-51
88                <category android:name="android.intent.category.LAUNCHER" />
88-->src\main\AndroidManifest.xml:33:17-77
88-->src\main\AndroidManifest.xml:33:27-74
89            </intent-filter>
90        </activity>
91        <activity
91-->[androidx.test:core:1.7.0] AndroidManifest.xml:43:9-50:20
92            android:name="androidx.test.core.app.InstrumentationActivityInvoker$EmptyFloatingActivity"
92-->[androidx.test:core:1.7.0] AndroidManifest.xml:44:13-103
93            android:exported="true"
93-->[androidx.test:core:1.7.0] AndroidManifest.xml:45:13-36
94            android:theme="@style/WhiteBackgroundDialogTheme" >
94-->[androidx.test:core:1.7.0] AndroidManifest.xml:46:13-62
95            <intent-filter android:priority="-100" >
95-->[androidx.test:core:1.7.0] AndroidManifest.xml:31:13-33:29
95-->[androidx.test:core:1.7.0] AndroidManifest.xml:31:28-51
96                <category android:name="android.intent.category.LAUNCHER" />
96-->src\main\AndroidManifest.xml:33:17-77
96-->src\main\AndroidManifest.xml:33:27-74
97            </intent-filter>
98        </activity>
99        <activity
99-->[androidx.compose.ui:ui-test-manifest:1.9.4] AndroidManifest.xml:23:9-26:79
100            android:name="androidx.activity.ComponentActivity"
100-->[androidx.compose.ui:ui-test-manifest:1.9.4] AndroidManifest.xml:24:13-63
101            android:exported="true"
101-->[androidx.compose.ui:ui-test-manifest:1.9.4] AndroidManifest.xml:25:13-36
102            android:theme="@android:style/Theme.Material.Light.NoActionBar" />
102-->[androidx.compose.ui:ui-test-manifest:1.9.4] AndroidManifest.xml:26:13-76
103
104        <service
104-->[androidx.room:room-runtime:2.6.1] AndroidManifest.xml:24:9-28:63
105            android:name="androidx.room.MultiInstanceInvalidationService"
105-->[androidx.room:room-runtime:2.6.1] AndroidManifest.xml:25:13-74
106            android:directBootAware="true"
106-->[androidx.room:room-runtime:2.6.1] AndroidManifest.xml:26:13-43
107            android:exported="false" />
107-->[androidx.room:room-runtime:2.6.1] AndroidManifest.xml:27:13-37
108
109        <receiver
109-->[androidx.profileinstaller:profileinstaller:1.4.0] AndroidManifest.xml:34:9-52:20
110            android:name="androidx.profileinstaller.ProfileInstallReceiver"
110-->[androidx.profileinstaller:profileinstaller:1.4.0] AndroidManifest.xml:35:13-76
111            android:directBootAware="false"
111-->[androidx.profileinstaller:profileinstaller:1.4.0] AndroidManifest.xml:36:13-44
112            android:enabled="true"
112-->[androidx.profileinstaller:profileinstaller:1.4.0] AndroidManifest.xml:37:13-35
113            android:exported="true"
113-->[androidx.profileinstaller:profileinstaller:1.4.0] AndroidManifest.xml:38:13-36
114            android:permission="android.permission.DUMP" >
114-->[androidx.profileinstaller:profileinstaller:1.4.0] AndroidManifest.xml:39:13-57
115            <intent-filter>
115-->[androidx.profileinstaller:profileinstaller:1.4.0] AndroidManifest.xml:40:13-42:29
116                <action android:name="androidx.profileinstaller.action.INSTALL_PROFILE" />
116-->[androidx.profileinstaller:profileinstaller:1.4.0] AndroidManifest.xml:41:17-91
116-->[androidx.profileinstaller:profileinstaller:1.4.0] AndroidManifest.xml:41:25-88
117            </intent-filter>
118            <intent-filter>
118-->[androidx.profileinstaller:profileinstaller:1.4.0] AndroidManifest.xml:43:13-45:29
119                <action android:name="androidx.profileinstaller.action.SKIP_FILE" />
119-->[androidx.profileinstaller:profileinstaller:1.4.0] AndroidManifest.xml:44:17-85
119-->[androidx.profileinstaller:profileinstaller:1.4.0] AndroidManifest.xml:44:25-82
120            </intent-filter>
121            <intent-filter>
121-->[androidx.profileinstaller:profileinstaller:1.4.0] AndroidManifest.xml:46:13-48:29
122                <action android:name="androidx.profileinstaller.action.SAVE_PROFILE" />
122-->[androidx.profileinstaller:profileinstaller:1.4.0] AndroidManifest.xml:47:17-88
122-->[androidx.profileinstaller:profileinstaller:1.4.0] AndroidManifest.xml:47:25-85
123            </intent-filter>
124            <intent-filter>
124-->[androidx.profileinstaller:profileinstaller:1.4.0] AndroidManifest.xml:49:13-51:29
125                <action android:name="androidx.profileinstaller.action.BENCHMARK_OPERATION" />
125-->[androidx.profileinstaller:profileinstaller:1.4.0] AndroidManifest.xml:50:17-95
125-->[androidx.profileinstaller:profileinstaller:1.4.0] AndroidManifest.xml:50:25-92
126            </intent-filter>
127        </receiver>
128    </application>
129
130</manifest>